<?xml version="1.0" encoding="UTF-8"?>
<!-- Generated by org.testng.reporters.JUnitXMLReporter -->
<testsuite ignored="0" hostname="Lenovo-PBZLEYW" failures="1" tests="8" name="Surefire test" time="65.628" errors="0" timestamp="2022-08-19T10:49:36 EDT">
  <testcase classname="com.fbp.qa.testcases.EventPageTest" name="verifyEventsPageLabel" time="0.393"/>
  <testcase classname="com.fbp.qa.testcases.EventPageTest" name="selectNotificationsTest" time="3.337"/>
  <testcase classname="com.fbp.qa.testcases.HomePageTest" name="verifyHomePageTitleTest" time="3.248">
    <failure type="java.lang.AssertionError" message="Home Page Title not matched expected [Facebook - log in or sign up] but found []">
      <![CDATA[java.lang.AssertionError: Home Page Title not matched expected [Facebook - log in or sign up] but found []
at com.fbp.qa.testcases.HomePageTest.verifyHomePageTitleTest(HomePageTest.java:36)
at java.base/java.util.ArrayList.forEach(ArrayList.java:1511)
... Removed 37 stack frames]]>
    </failure>
  </testcase> <!-- verifyHomePageTitleTest -->
  <testcase classname="com.fbp.qa.testcases.HomePageTest" name="verifyUserNameTest" time="3.702"/>
  <testcase classname="com.fbp.qa.testcases.HomePageTest" name="verifyEventTest" time="4.122"/>
  <testcase classname="com.fbp.qa.testcases.LoginPageTest" name="loginPageTitleTest" time="0.009"/>
  <testcase classname="com.fbp.qa.testcases.LoginPageTest" name="fblogoImgTest" time="0.043"/>
  <testcase classname="com.fbp.qa.testcases.LoginPageTest" name="loginTest" time="0.271"/>
</testsuite> <!-- Surefire test -->
