<?xml version="1.0" encoding="UTF-8"?>
<!-- Generated by org.testng.reporters.JUnitXMLReporter -->
<testsuite ignored="0" hostname="Lenovo-PBZLEYW" failures="0" tests="8" name="FaceBookProject Test" time="64.456" errors="0" timestamp="2022-08-19T09:41:56 EDT">
  <testcase classname="com.fbp.qa.testcases.LoginPageTest" name="loginPageTitleTest" time="0.02"/>
  <testcase classname="com.fbp.qa.testcases.LoginPageTest" name="fblogoImgTest" time="0.076"/>
  <testcase classname="com.fbp.qa.testcases.LoginPageTest" name="loginTest" time="0.295"/>
  <testcase classname="com.fbp.qa.testcases.HomePageTest" name="verifyHomePageTitleTest" time="3.375"/>
  <testcase classname="com.fbp.qa.testcases.HomePageTest" name="verifyUserNameTest" time="4.083"/>
  <testcase classname="com.fbp.qa.testcases.HomePageTest" name="verifyEventTest" time="4.247"/>
  <testcase classname="com.fbp.qa.testcases.EventPageTest" name="verifyEventsPageLabel" time="0.286"/>
  <testcase classname="com.fbp.qa.testcases.EventPageTest" name="selectNotificationsTest" time="3.612"/>
</testsuite> <!-- FaceBookProject Test -->
