<?xml version="1.0" encoding="UTF-8"?>
<testsuite xmlns:xsi="http://www.w3.org/2001/XMLSchema-instance" xsi:noNamespaceSchemaLocation="https://maven.apache.org/surefire/maven-surefire-plugin/xsd/surefire-test-report.xsd" name="TestSuite" time="66.42" tests="8" errors="0" skipped="0" failures="1">
  <properties>
[...]
</properties>
  <testcase name="verifyEventsPageLabel" classname="com.fbp.qa.testcases.EventPageTest" time="0.389"/>
  <testcase name="selectNotificationsTest" classname="com.fbp.qa.testcases.EventPageTest" time="3.337"/>
  <testcase name="verifyHomePageTitleTest" classname="com.fbp.qa.testcases.HomePageTest" time="3.259">
    <failure message="Home Page Title not matched expected [Facebook - log in or sign up] but found []" type="java.lang.AssertionError">java.lang.AssertionError: Home Page Title not matched expected [Facebook - log in or sign up] but found []
	at com.fbp.qa.testcases.HomePageTest.verifyHomePageTitleTest(HomePageTest.java:36)
</failure>
    <system-out><![CDATA[Before navigating to: 'https://www.facebook.com/'
Navigated to:'https://www.facebook.com/'
Trying to find Element By : By.name: email
Found Element By : By.name: email
Trying to find Element By : By.name: pass
Found Element By : By.name: pass
Trying to find Element By : By.name: login
Found Element By : By.name: login
Trying to click on: [[ChromeDriver: chrome on WINDOWS (7d958b55a119a0610ecf313047863982)] -> name: login]
Clicked on: [[ChromeDriver: chrome on WINDOWS (7d958b55a119a0610ecf313047863982)] -> name: login]
]]></system-out>
    <system-err><![CDATA[Starting ChromeDriver 102.0.5005.61 (0e59bcc00cc4985ce39ad31c150065f159d95ad3-refs/branch-heads/5005@{#819}) on port 20987
Only local connections are allowed.
Please see https://chromedriver.chromium.org/security-considerations for suggestions on keeping ChromeDriver safe.
ChromeDriver was started successfully.
Aug. 19, 2022 10:48:58 A.M. org.openqa.selenium.remote.ProtocolHandshake createSession
INFO: Detected dialect: W3C
]]></system-err>
  </testcase>
  <testcase name="verifyUserNameTest" classname="com.fbp.qa.testcases.HomePageTest" time="3.7"/>
  <testcase name="verifyEventTest" classname="com.fbp.qa.testcases.HomePageTest" time="4.125"/>
  <testcase name="loginPageTitleTest" classname="com.fbp.qa.testcases.LoginPageTest" time="0.009"/>
  <testcase name="fblogoImgTest" classname="com.fbp.qa.testcases.LoginPageTest" time="0.044"/>
  <testcase name="loginTest" classname="com.fbp.qa.testcases.LoginPageTest" time="0.269"/>
</testsuite>